<?xml version="1.0" encoding="UTF-8"?>
<!-- Generated by org.testng.reporters.JUnitXMLReporter -->
<testsuite hostname="DT-AKASHM" ignored="19" name="DashboardPageTest" tests="1" failures="0" timestamp="05 Jun 2018 13:49:20 GMT" time="5.743" errors="0">
  <testcase name="dashBoardPageTC_003" time="4.37" classname="com.healthec.test.DashboardPageUC"/>
  <testcase name="dashBoardPageTC_009" time="0.0" classname="com.healthec.test.DashboardPageUC">
    <ignored/>
  </testcase> <!-- dashBoardPageTC_009 -->
  <testcase name="dashBoardPageTC_005" time="0.0" classname="com.healthec.test.DashboardPageUC">
    <ignored/>
  </testcase> <!-- dashBoardPageTC_005 -->
  <testcase name="dashBoardPageTC_016" time="0.0" classname="com.healthec.test.DashboardPageUC">
    <ignored/>
  </testcase> <!-- dashBoardPageTC_016 -->
  <testcase name="dashBoardPageTC_018" time="0.0" classname="com.healthec.test.DashboardPageUC">
    <ignored/>
  </testcase> <!-- dashBoardPageTC_018 -->
  <testcase name="dashBoardPageTC_007" time="0.0" classname="com.healthec.test.DashboardPageUC">
    <ignored/>
  </testcase> <!-- dashBoardPageTC_007 -->
  <testcase name="dashBoardPageTC_017" time="0.0" classname="com.healthec.test.DashboardPageUC">
    <ignored/>
  </testcase> <!-- dashBoardPageTC_017 -->
  <testcase name="dashBoardPageTC_006" time="0.0" classname="com.healthec.test.DashboardPageUC">
    <ignored/>
  </testcase> <!-- dashBoardPageTC_006 -->
  <testcase name="dashBoardPageTC_012" time="0.0" classname="com.healthec.test.DashboardPageUC">
    <ignored/>
  </testcase> <!-- dashBoardPageTC_012 -->
  <testcase name="dashBoardPageTC_001" time="0.0" classname="com.healthec.test.DashboardPageUC">
    <ignored/>
  </testcase> <!-- dashBoardPageTC_001 -->
  <testcase name="dashBoardPageTC_008" time="0.0" classname="com.healthec.test.DashboardPageUC">
    <ignored/>
  </testcase> <!-- dashBoardPageTC_008 -->
  <testcase name="dashBoardPageTC_019" time="0.0" classname="com.healthec.test.DashboardPageUC">
    <ignored/>
  </testcase> <!-- dashBoardPageTC_019 -->
  <testcase name="dashBoardPageTC_014" time="0.0" classname="com.healthec.test.DashboardPageUC">
    <ignored/>
  </testcase> <!-- dashBoardPageTC_014 -->
  <testcase name="dashBoardPageTC_002" time="0.0" classname="com.healthec.test.DashboardPageUC">
    <ignored/>
  </testcase> <!-- dashBoardPageTC_002 -->
  <testcase name="dashBoardPageTC_013" time="0.0" classname="com.healthec.test.DashboardPageUC">
    <ignored/>
  </testcase> <!-- dashBoardPageTC_013 -->
  <testcase name="dashBoardPageTC_015" time="0.0" classname="com.healthec.test.DashboardPageUC">
    <ignored/>
  </testcase> <!-- dashBoardPageTC_015 -->
  <testcase name="dashBoardPageTC_004" time="0.0" classname="com.healthec.test.DashboardPageUC">
    <ignored/>
  </testcase> <!-- dashBoardPageTC_004 -->
  <testcase name="dashBoardPageTC_010" time="0.0" classname="com.healthec.test.DashboardPageUC">
    <ignored/>
  </testcase> <!-- dashBoardPageTC_010 -->
  <testcase name="dashBoardPageTC_020" time="0.0" classname="com.healthec.test.DashboardPageUC">
    <ignored/>
  </testcase> <!-- dashBoardPageTC_020 -->
  <testcase name="dashBoardPageTC_011" time="0.0" classname="com.healthec.test.DashboardPageUC">
    <ignored/>
  </testcase> <!-- dashBoardPageTC_011 -->
</testsuite> <!-- DashboardPageTest -->
