<?xml version="1.0" encoding="UTF-8"?>
<!-- Generated by org.testng.reporters.JUnitXMLReporter -->
<testsuite hostname="DT-AKASHM" ignored="29" name="LoginPageTest" tests="2" failures="1" timestamp="04 Jun 2018 10:35:53 GMT" time="34.258" errors="0">
  <testcase name="@BeforeClass beforeDashboardPageClass" time="0.001" classname="com.healthec.test.DashboardPageUC">
    <failure type="java.lang.NullPointerException">
      <![CDATA[java.lang.NullPointerException
	at com.healthec.test.DashboardPageUC.beforeDashboardPageClass(DashboardPageUC.java:31)
... Removed 24 stack frames]]>
    </failure>
  </testcase> <!-- @BeforeClass beforeDashboardPageClass -->
  <testcase name="Loginpage_TC_011" time="4.063" classname="com.healthec.test.LoginPageUC">
    <failure type="org.openqa.selenium.WebDriverException" message="unknown error: keys should be a string
  (Session info: chrome=67.0.3396.68)
  (Driver info: chromedriver=2.37.544315 (730aa6a5fdba159ac9f4c1e8cbc59bf1b5ce12b7),platform=Windows NT 10.0.14393 x86_64) (WARNING: The server did not provide any stacktrace information)
Command duration or timeout: 0 milliseconds
Build info: version: &amp;apos;3.11.0&amp;apos;, revision: &amp;apos;e59cfb3&amp;apos;, time: &amp;apos;2018-03-11T20:26:55.152Z&amp;apos;
System info: host: &amp;apos;DT-AKASHM&amp;apos;, ip: &amp;apos;192.168.15.118&amp;apos;, os.name: &amp;apos;Windows 10&amp;apos;, os.arch: &amp;apos;amd64&amp;apos;, os.version: &amp;apos;10.0&amp;apos;, java.version: &amp;apos;1.8.0_151&amp;apos;
Driver info: io.appium.java_client.android.AndroidDriver
Capabilities {appActivity: com.healthec.providereconne..., appPackage: com.healthec.providereconne..., databaseEnabled: false, desired: {appActivity: com.healthec.providereconne..., appPackage: com.healthec.providereconne..., deviceName: Real Device, nativeWebScreenshot: true, platformName: Android, platformVersion: 6.0.1, skipUnlock: true}, deviceManufacturer: samsung, deviceModel: SM-J700F, deviceName: 3300434c3110b265, deviceScreenSize: 720x1280, deviceUDID: 3300434c3110b265, javascriptEnabled: true, locationContextEnabled: false, nativeWebScreenshot: true, networkConnectionEnabled: true, platform: LINUX, platformName: LINUX, platformVersion: 6.0.1, skipUnlock: true, takesScreenshot: true, warnings: {}, webStorageEnabled: false}
Session ID: 7425cf61-7fe1-49f5-acb0-d19b40a27d8b">
      <![CDATA[org.openqa.selenium.WebDriverException: unknown error: keys should be a string
  (Session info: chrome=67.0.3396.68)
  (Driver info: chromedriver=2.37.544315 (730aa6a5fdba159ac9f4c1e8cbc59bf1b5ce12b7),platform=Windows NT 10.0.14393 x86_64) (WARNING: The server did not provide any stacktrace information)
Command duration or timeout: 0 milliseconds
Build info: version: '3.11.0', revision: 'e59cfb3', time: '2018-03-11T20:26:55.152Z'
System info: host: 'DT-AKASHM', ip: '192.168.15.118', os.name: 'Windows 10', os.arch: 'amd64', os.version: '10.0', java.version: '1.8.0_151'
Driver info: io.appium.java_client.android.AndroidDriver
Capabilities {appActivity: com.healthec.providereconne..., appPackage: com.healthec.providereconne..., databaseEnabled: false, desired: {appActivity: com.healthec.providereconne..., appPackage: com.healthec.providereconne..., deviceName: Real Device, nativeWebScreenshot: true, platformName: Android, platformVersion: 6.0.1, skipUnlock: true}, deviceManufacturer: samsung, deviceModel: SM-J700F, deviceName: 3300434c3110b265, deviceScreenSize: 720x1280, deviceUDID: 3300434c3110b265, javascriptEnabled: true, locationContextEnabled: false, nativeWebScreenshot: true, networkConnectionEnabled: true, platform: LINUX, platformName: LINUX, platformVersion: 6.0.1, skipUnlock: true, takesScreenshot: true, warnings: {}, webStorageEnabled: false}
Session ID: 7425cf61-7fe1-49f5-acb0-d19b40a27d8b
	at org.openqa.selenium.remote.ErrorHandler.createThrowable(ErrorHandler.java:214)
	at org.openqa.selenium.remote.ErrorHandler.throwIfResponseFailed(ErrorHandler.java:166)
	at org.openqa.selenium.remote.http.JsonHttpResponseCodec.reconstructValue(JsonHttpResponseCodec.java:40)
	at org.openqa.selenium.remote.http.AbstractHttpResponseCodec.decode(AbstractHttpResponseCodec.java:80)
	at org.openqa.selenium.remote.http.AbstractHttpResponseCodec.decode(AbstractHttpResponseCodec.java:44)
	at org.openqa.selenium.remote.HttpCommandExecutor.execute(HttpCommandExecutor.java:158)
	at io.appium.java_client.remote.AppiumCommandExecutor.execute(AppiumCommandExecutor.java:89)
	at org.openqa.selenium.remote.RemoteWebDriver.execute(RemoteWebDriver.java:545)
	at io.appium.java_client.DefaultGenericMobileDriver.execute(DefaultGenericMobileDriver.java:42)
	at io.appium.java_client.AppiumDriver.execute(AppiumDriver.java:1)
	at io.appium.java_client.android.AndroidDriver.execute(AndroidDriver.java:1)
	at org.openqa.selenium.remote.RemoteWebElement.execute(RemoteWebElement.java:279)
	at io.appium.java_client.DefaultGenericMobileElement.execute(DefaultGenericMobileElement.java:45)
	at io.appium.java_client.MobileElement.execute(MobileElement.java:1)
	at io.appium.java_client.android.AndroidElement.execute(AndroidElement.java:1)
	at org.openqa.selenium.remote.RemoteWebElement.sendKeys(RemoteWebElement.java:100)
	at io.appium.java_client.pagefactory.ElementInterceptor.getObject(ElementInterceptor.java:40)
	at io.appium.java_client.pagefactory.interceptors.InterceptorOfASingleElement.intercept(InterceptorOfASingleElement.java:62)
	at io.appium.java_client.android.AndroidElement$$EnhancerByCGLIB$$b598166c.sendKeys(<generated>)
	at com.healthec.test.LoginPageUC.Loginpage_TC_011(LoginPageUC.java:258)
... Removed 32 stack frames]]>
    </failure>
  </testcase> <!-- Loginpage_TC_011 -->
  <testcase name="dashBoardPageTC_003" time="0.0" classname="com.healthec.test.DashboardPageUC">
    <skipped/>
  </testcase> <!-- dashBoardPageTC_003 -->
  <testcase name="dashBoardPageTC_016" time="0.0" classname="com.healthec.test.DashboardPageUC">
    <ignored/>
  </testcase> <!-- dashBoardPageTC_016 -->
  <testcase name="dashBoardPageTC_018" time="0.0" classname="com.healthec.test.DashboardPageUC">
    <ignored/>
  </testcase> <!-- dashBoardPageTC_018 -->
  <testcase name="dashBoardPageTC_017" time="0.0" classname="com.healthec.test.DashboardPageUC">
    <ignored/>
  </testcase> <!-- dashBoardPageTC_017 -->
  <testcase name="Loginpage_TC_006" time="0.0" classname="com.healthec.test.LoginPageUC">
    <ignored/>
  </testcase> <!-- Loginpage_TC_006 -->
  <testcase name="dashBoardPageTC_012" time="0.0" classname="com.healthec.test.DashboardPageUC">
    <ignored/>
  </testcase> <!-- dashBoardPageTC_012 -->
  <testcase name="loginpage_TC_010" time="0.0" classname="com.healthec.test.LoginPageUC">
    <ignored/>
  </testcase> <!-- loginpage_TC_010 -->
  <testcase name="Loginpage_TC_003" time="0.0" classname="com.healthec.test.LoginPageUC">
    <ignored/>
  </testcase> <!-- Loginpage_TC_003 -->
  <testcase name="dashBoardPageTC_019" time="0.0" classname="com.healthec.test.DashboardPageUC">
    <ignored/>
  </testcase> <!-- dashBoardPageTC_019 -->
  <testcase name="Loginpage_TC_008" time="0.0" classname="com.healthec.test.LoginPageUC">
    <ignored/>
  </testcase> <!-- Loginpage_TC_008 -->
  <testcase name="dashBoardPageTC_014" time="0.0" classname="com.healthec.test.DashboardPageUC">
    <ignored/>
  </testcase> <!-- dashBoardPageTC_014 -->
  <testcase name="Loginpage_TC_005" time="0.0" classname="com.healthec.test.LoginPageUC">
    <ignored/>
  </testcase> <!-- Loginpage_TC_005 -->
  <testcase name="dashBoardPageTC_013" time="0.0" classname="com.healthec.test.DashboardPageUC">
    <ignored/>
  </testcase> <!-- dashBoardPageTC_013 -->
  <testcase name="Loginpage_TC_002" time="0.0" classname="com.healthec.test.LoginPageUC">
    <ignored/>
  </testcase> <!-- Loginpage_TC_002 -->
  <testcase name="dashBoardPageTC_015" time="0.0" classname="com.healthec.test.DashboardPageUC">
    <ignored/>
  </testcase> <!-- dashBoardPageTC_015 -->
  <testcase name="Loginpage_TC_004" time="0.0" classname="com.healthec.test.LoginPageUC">
    <ignored/>
  </testcase> <!-- Loginpage_TC_004 -->
  <testcase name="dashBoardPageTC_010" time="0.0" classname="com.healthec.test.DashboardPageUC">
    <ignored/>
  </testcase> <!-- dashBoardPageTC_010 -->
  <testcase name="Loginpage_TC_001" time="0.0" classname="com.healthec.test.LoginPageUC">
    <ignored/>
  </testcase> <!-- Loginpage_TC_001 -->
  <testcase name="Loginpage_TC_009" time="0.0" classname="com.healthec.test.LoginPageUC">
    <ignored/>
  </testcase> <!-- Loginpage_TC_009 -->
  <testcase name="dashBoardPageTC_009" time="0.0" classname="com.healthec.test.DashboardPageUC">
    <ignored/>
  </testcase> <!-- dashBoardPageTC_009 -->
  <testcase name="dashBoardPageTC_005" time="0.0" classname="com.healthec.test.DashboardPageUC">
    <ignored/>
  </testcase> <!-- dashBoardPageTC_005 -->
  <testcase name="dashBoardPageTC_007" time="0.0" classname="com.healthec.test.DashboardPageUC">
    <ignored/>
  </testcase> <!-- dashBoardPageTC_007 -->
  <testcase name="dashBoardPageTC_006" time="0.0" classname="com.healthec.test.DashboardPageUC">
    <ignored/>
  </testcase> <!-- dashBoardPageTC_006 -->
  <testcase name="dashBoardPageTC_001" time="0.0" classname="com.healthec.test.DashboardPageUC">
    <ignored/>
  </testcase> <!-- dashBoardPageTC_001 -->
  <testcase name="dashBoardPageTC_008" time="0.0" classname="com.healthec.test.DashboardPageUC">
    <ignored/>
  </testcase> <!-- dashBoardPageTC_008 -->
  <testcase name="dashBoardPageTC_002" time="0.0" classname="com.healthec.test.DashboardPageUC">
    <ignored/>
  </testcase> <!-- dashBoardPageTC_002 -->
  <testcase name="dashBoardPageTC_004" time="0.0" classname="com.healthec.test.DashboardPageUC">
    <ignored/>
  </testcase> <!-- dashBoardPageTC_004 -->
  <testcase name="dashBoardPageTC_020" time="0.0" classname="com.healthec.test.DashboardPageUC">
    <ignored/>
  </testcase> <!-- dashBoardPageTC_020 -->
  <testcase name="dashBoardPageTC_011" time="0.0" classname="com.healthec.test.DashboardPageUC">
    <ignored/>
  </testcase> <!-- dashBoardPageTC_011 -->
  <testcase name="Loginpage_TC_007" time="0.0" classname="com.healthec.test.LoginPageUC">
    <ignored/>
  </testcase> <!-- Loginpage_TC_007 -->
</testsuite> <!-- LoginPageTest -->
