<?xml version="1.0" encoding="UTF-8"?>
<!-- Generated by org.testng.reporters.JUnitXMLReporter -->
<testsuite hostname="DT-AKASHM" ignored="10" name="LoginPageTest" tests="1" failures="1" timestamp="05 Jun 2018 14:19:02 GMT" time="32.458" errors="0">
  <testcase name="Loginpage_TC_011" time="3.952" classname="com.healthec.test.LoginPageUC">
    <failure type="java.lang.NullPointerException">
      <![CDATA[java.lang.NullPointerException
	at com.healthec.generic.ExcelUtility.readTestdata(ExcelUtility.java:6)
	at com.healthec.test.LoginPageUC.Loginpage_TC_011(LoginPageUC.java:226)
... Removed 24 stack frames]]>
    </failure>
  </testcase> <!-- Loginpage_TC_011 -->
  <testcase name="Loginpage_TC_007" time="0.0" classname="com.healthec.test.LoginPageUC">
    <ignored/>
  </testcase> <!-- Loginpage_TC_007 -->
  <testcase name="Loginpage_TC_009" time="0.0" classname="com.healthec.test.LoginPageUC">
    <ignored/>
  </testcase> <!-- Loginpage_TC_009 -->
  <testcase name="Loginpage_TC_006" time="0.0" classname="com.healthec.test.LoginPageUC">
    <ignored/>
  </testcase> <!-- Loginpage_TC_006 -->
  <testcase name="loginpage_TC_010" time="0.0" classname="com.healthec.test.LoginPageUC">
    <ignored/>
  </testcase> <!-- loginpage_TC_010 -->
  <testcase name="Loginpage_TC_003" time="0.0" classname="com.healthec.test.LoginPageUC">
    <ignored/>
  </testcase> <!-- Loginpage_TC_003 -->
  <testcase name="Loginpage_TC_008" time="0.0" classname="com.healthec.test.LoginPageUC">
    <ignored/>
  </testcase> <!-- Loginpage_TC_008 -->
  <testcase name="Loginpage_TC_005" time="0.0" classname="com.healthec.test.LoginPageUC">
    <ignored/>
  </testcase> <!-- Loginpage_TC_005 -->
  <testcase name="Loginpage_TC_002" time="0.0" classname="com.healthec.test.LoginPageUC">
    <ignored/>
  </testcase> <!-- Loginpage_TC_002 -->
  <testcase name="Loginpage_TC_004" time="0.0" classname="com.healthec.test.LoginPageUC">
    <ignored/>
  </testcase> <!-- Loginpage_TC_004 -->
  <testcase name="Loginpage_TC_001" time="0.0" classname="com.healthec.test.LoginPageUC">
    <ignored/>
  </testcase> <!-- Loginpage_TC_001 -->
</testsuite> <!-- LoginPageTest -->
