<?xml version="1.0" encoding="UTF-8"?>
<testng-results skipped="0" failed="0" ignored="29" total="31" passed="2">
  <reporter-output>
  </reporter-output>
  <suite name="HealthEC PHR PRO Suite" duration-ms="61842" started-at="2018-06-05T13:48:18Z" finished-at="2018-06-05T13:49:20Z">
    <groups>
      <group name="functional">
        <method signature="LoginPageUC.Loginpage_TC_011()[pri:0, instance:com.healthec.test.LoginPageUC@145f66e3]" name="Loginpage_TC_011" class="com.healthec.test.LoginPageUC"/>
        <method signature="DashboardPageUC.dashBoardPageTC_003()[pri:0, instance:com.healthec.test.DashboardPageUC@2df3b89c]" name="dashBoardPageTC_003" class="com.healthec.test.DashboardPageUC"/>
      </group> <!-- functional -->
      <group name="smoke">
        <method signature="DashboardPageUC.dashBoardPageTC_003()[pri:0, instance:com.healthec.test.DashboardPageUC@2df3b89c]" name="dashBoardPageTC_003" class="com.healthec.test.DashboardPageUC"/>
      </group> <!-- smoke -->
    </groups>
    <test name="LoginPageTest" duration-ms="56056" started-at="2018-06-05T13:48:18Z" finished-at="2018-06-05T13:49:14Z">
      <class name="com.healthec.test.LoginPageUC">
        <test-method status="PASS" signature="beforeloginPageTest(org.testng.ITestContext)[pri:0, instance:com.healthec.test.LoginPageUC@145f66e3]" name="beforeloginPageTest" is-config="true" duration-ms="30780" started-at="2018-06-05T19:18:18Z" finished-at="2018-06-05T19:18:49Z">
          <params>
            <param index="0">
              <value>
                <![CDATA[org.testng.TestRunner@72bd06ca]]>
              </value>
            </param>
          </params>
          <reporter-output>
          </reporter-output>
        </test-method> <!-- beforeloginPageTest -->
        <test-method status="PASS" signature="beforeloginPageClass()[pri:0, instance:com.healthec.test.LoginPageUC@145f66e3]" name="beforeloginPageClass" is-config="true" duration-ms="69" started-at="2018-06-05T19:18:49Z" finished-at="2018-06-05T19:18:49Z">
          <reporter-output>
          </reporter-output>
        </test-method> <!-- beforeloginPageClass -->
        <test-method status="PASS" signature="getInfo(org.testng.ITestContext, java.lang.reflect.Method)[pri:0, instance:com.healthec.test.LoginPageUC@145f66e3]" name="getInfo" is-config="true" duration-ms="1" started-at="2018-06-05T19:18:49Z" finished-at="2018-06-05T19:18:49Z">
          <params>
            <param index="0">
              <value>
                <![CDATA[org.testng.TestRunner@72bd06ca]]>
              </value>
            </param>
            <param index="1">
              <value>
                <![CDATA[public static void com.healthec.test.LoginPageUC.Loginpage_TC_011()]]>
              </value>
            </param>
          </params>
          <reporter-output>
          </reporter-output>
        </test-method> <!-- getInfo -->
        <test-method status="PASS" signature="Loginpage_TC_011()[pri:0, instance:com.healthec.test.LoginPageUC@145f66e3]" name="Loginpage_TC_011" duration-ms="25086" started-at="2018-06-05T19:18:49Z" finished-at="2018-06-05T19:19:14Z">
          <reporter-output>
          </reporter-output>
        </test-method> <!-- Loginpage_TC_011 -->
        <test-method status="PASS" signature="getResult(org.testng.ITestResult)[pri:0, instance:com.healthec.test.LoginPageUC@145f66e3]" name="getResult" is-config="true" duration-ms="100" started-at="2018-06-05T19:19:14Z" finished-at="2018-06-05T19:19:14Z">
          <params>
            <param index="0">
              <value>
                <![CDATA[[TestResult name=Loginpage_TC_011 status=SUCCESS method=LoginPageUC.Loginpage_TC_011()[pri:0, instance:com.healthec.test.LoginPageUC@145f66e3] output={null}]]]>
              </value>
            </param>
          </params>
          <reporter-output>
          </reporter-output>
        </test-method> <!-- getResult -->
      </class> <!-- com.healthec.test.LoginPageUC -->
    </test> <!-- LoginPageTest -->
    <test name="DashboardPageTest" duration-ms="5743" started-at="2018-06-05T13:49:14Z" finished-at="2018-06-05T13:49:20Z">
      <class name="com.healthec.test.DashboardPageUC">
        <test-method status="PASS" signature="beforeDashboardPageTest()[pri:0, instance:com.healthec.test.DashboardPageUC@2df3b89c]" name="beforeDashboardPageTest" is-config="true" duration-ms="1219" started-at="2018-06-05T19:19:14Z" finished-at="2018-06-05T19:19:16Z">
          <reporter-output>
          </reporter-output>
        </test-method> <!-- beforeDashboardPageTest -->
        <test-method status="PASS" signature="beforeDashboardPageClass()[pri:0, instance:com.healthec.test.DashboardPageUC@2df3b89c]" name="beforeDashboardPageClass" is-config="true" duration-ms="19" started-at="2018-06-05T19:19:16Z" finished-at="2018-06-05T19:19:16Z">
          <reporter-output>
          </reporter-output>
        </test-method> <!-- beforeDashboardPageClass -->
        <test-method status="PASS" signature="getInfo(org.testng.ITestContext, java.lang.reflect.Method)[pri:0, instance:com.healthec.test.DashboardPageUC@2df3b89c]" name="getInfo" is-config="true" duration-ms="1" started-at="2018-06-05T19:19:16Z" finished-at="2018-06-05T19:19:16Z">
          <params>
            <param index="0">
              <value>
                <![CDATA[org.testng.TestRunner@89c10b7]]>
              </value>
            </param>
            <param index="1">
              <value>
                <![CDATA[public static void com.healthec.test.DashboardPageUC.dashBoardPageTC_003() throws java.lang.Exception]]>
              </value>
            </param>
          </params>
          <reporter-output>
          </reporter-output>
        </test-method> <!-- getInfo -->
        <test-method status="PASS" signature="dashBoardPageTC_003()[pri:0, instance:com.healthec.test.DashboardPageUC@2df3b89c]" name="dashBoardPageTC_003" duration-ms="4370" started-at="2018-06-05T19:19:16Z" finished-at="2018-06-05T19:19:20Z">
          <reporter-output>
          </reporter-output>
        </test-method> <!-- dashBoardPageTC_003 -->
        <test-method status="PASS" signature="getResult(org.testng.ITestResult)[pri:0, instance:com.healthec.test.DashboardPageUC@2df3b89c]" name="getResult" is-config="true" duration-ms="133" started-at="2018-06-05T19:19:20Z" finished-at="2018-06-05T19:19:20Z">
          <params>
            <param index="0">
              <value>
                <![CDATA[[TestResult name=dashBoardPageTC_003 status=SUCCESS method=DashboardPageUC.dashBoardPageTC_003()[pri:0, instance:com.healthec.test.DashboardPageUC@2df3b89c] output={null}]]]>
              </value>
            </param>
          </params>
          <reporter-output>
          </reporter-output>
        </test-method> <!-- getResult -->
      </class> <!-- com.healthec.test.DashboardPageUC -->
    </test> <!-- DashboardPageTest -->
  </suite> <!-- HealthEC PHR PRO Suite -->
</testng-results>
